app/build/outputs/mapping/release/seeds.txt
com.mikhail.manifestation.ui.viewmodel.MusicViewModel
com.mikhail.manifestation.data.notifications.AffirmationReceiver
com.mikhail.manifestation.LevelUpApp_GeneratedInjector
com.mikhail.manifestation.MainActivity
com.mikhail.manifestation.MainActivity_GeneratedInjector
com.mikhail.manifestation.ui.viewmodel.NotificationViewModel
com.mikhail.manifestation.ui.viewmodel.ThemeViewModel
com.mikhail.manifestation.ui.viewmodel.ClubsViewModel
com.mikhail.manifestation.ui.viewmodel.SavedProgramsViewModel
com.mikhail.manifestation.ui.viewmodel.MeditationViewModel
com.mikhail.manifestation.data.notifications.BootReceiver
com.mikhail.manifestation.LevelUpApp
com.mikhail.manifestation.data.audio.PlaybackState: com.mikhail.manifestation.data.audio.PlaybackState[] values()
com.mikhail.manifestation.MainActivity: MainActivity()
com.mikhail.manifestation.ui.theme.LifeArea: com.mikhail.manifestation.ui.theme.LifeArea valueOf(java.lang.String)
com.mikhail.manifestation.LevelUpApp: LevelUpApp()
com.mikhail.manifestation.ui.theme.ThemeMode: com.mikhail.manifestation.ui.theme.ThemeMode valueOf(java.lang.String)
com.mikhail.manifestation.data.notifications.AffirmationReceiver: AffirmationReceiver()
com.mikhail.manifestation.ui.theme.LifeArea: com.mikhail.manifestation.ui.theme.LifeArea[] values()
com.mikhail.manifestation.data.audio.PlaybackState: com.mikhail.manifestation.data.audio.PlaybackState valueOf(java.lang.String)
com.mikhail.manifestation.data.notifications.BootReceiver: BootReceiver()
com.mikhail.manifestation.ui.theme.ThemeMode: com.mikhail.manifestation.ui.theme.ThemeMode[] values()
...
androidx.media.AudioAttributesImplBase: AudioAttributesImplBase()
androidx.core.view.WindowInsetsCompat$Impl20: void setRootViewData(androidx.core.graphics.Insets)
io.grpc.okhttp.OkHttpFrameLogger$SettingParams: io.grpc.okhttp.OkHttpFrameLogger$SettingParams valueOf(java.lang.String)
androidx.core.view.ViewCompat$Api28Impl: boolean isScreenReaderFocusable(android.view.View)
com.google.firebase.concurrent.UiExecutor: com.google.firebase.concurrent.UiExecutor[] values()
okhttp3.internal.http2.ErrorCode: okhttp3.internal.http2.ErrorCode valueOf(java.lang.String)
androidx.compose.ui.input.pointer.util.VelocityTracker1D$Strategy: androidx.compose.ui.input.pointer.util.VelocityTracker1D$Strategy valueOf(java.lang.String)
androidx.core.view.WindowInsetsCompat$Impl: void copyWindowDataInto(androidx.core.view.WindowInsetsCompat)
io.grpc.okhttp.OkHttpChannelBuilder$NegotiationType: io.grpc.okhttp.OkHttpChannelBuilder$NegotiationType[] values()
androidx.vectordrawable.graphics.drawable.VectorDrawableCompat$VFullPath: void setTrimPathEnd(float)
androidx.compose.ui.viewinterop.AndroidViewHolder: kotlin.jvm.functions.Function0 getRelease()
android.support.v4.graphics.drawable.IconCompatParcelizer: IconCompatParcelizer()
androidx.compose.ui.platform.AndroidComposeView: kotlin.coroutines.CoroutineContext getCoroutineContext()
androidx.core.view.WindowInsetsCompat$Impl: WindowInsetsCompat$Impl(androidx.core.view.WindowInsetsCompat)
androidx.vectordrawable.graphics.drawable.VectorDrawableCompat$VGroup: void setScaleY(float)
androidx.compose.ui.platform.ViewLayer: float getCameraDistancePx()
androidx.activity.EdgeToEdgeApi26: void setUp(androidx.activity.SystemBarStyle,androidx.activity.SystemBarStyle,android.view.Window,android.view.View,boolean,boolean)
androidx.compose.animation.EnterExitState: androidx.compose.animation.EnterExitState[] values()
io.grpc.okhttp.internal.CipherSuite: io.grpc.okhttp.internal.CipherSuite valueOf(java.lang.String)
io.grpc.Context$DirectExecutor: io.grpc.Context$DirectExecutor[] values()
androidx.core.view.WindowInsetsCompat$Impl: androidx.core.graphics.Insets getInsetsIgnoringVisibility(int)
androidx.compose.ui.viewinterop.AndroidViewHolder: void setOnRequestDisallowInterceptTouchEvent$ui_release(kotlin.jvm.functions.Function1)
androidx.media.AudioAttributesImplApi21Parcelizer: androidx.media.AudioAttributesImplApi21 read(androidx.versionedparcelable.VersionedParcel)
androidx.compose.ui.platform.AndroidComposeView: void setShowLayoutBounds(boolean)
androidx.compose.ui.viewinterop.AndroidViewHolder: kotlin.jvm.functions.Function0 getReset()
androidx.lifecycle.ReportFragment$LifecycleCallbacks: void onActivityPaused(android.app.Activity)
androidx.core.view.WindowInsetsCompat$Impl: androidx.core.view.WindowInsetsCompat consumeDisplayCutout()
androidx.compose.runtime.PreconditionsKt: void throwIllegalArgumentException(java.lang.String)
com.google.firestore.admin.v1.Index$IndexField$Order: com.google.firestore.admin.v1.Index$IndexField$Order valueOf(java.lang.String)
io.grpc.internal.KeepAliveManager$State: io.grpc.internal.KeepAliveManager$State[] values()
androidx.compose.ui.platform.AndroidComposeView: androidx.compose.ui.platform.Clipboard getClipboard()
androidx.vectordrawable.graphics.drawable.VectorDrawableCompat$VFullPath: float getStrokeWidth()
androidx.compose.material3.tokens.TypographyKeyTokens: androidx.compose.material3.tokens.TypographyKeyTokens[] values()
androidx.exifinterface.media.ExifInterfaceUtils$Api21Impl: void close(java.io.FileDescriptor)
coil.transform.PixelOpacity: coil.transform.PixelOpacity valueOf(java.lang.String)
com.google.firestore.v1.StructuredQuery$Filter$FilterTypeCase: com.google.firestore.v1.StructuredQuery$Filter$FilterTypeCase[] values()
androidx.compose.ui.platform.AndroidComposeView: void set_viewTreeOwners(androidx.compose.ui.platform.AndroidComposeView$ViewTreeOwners)