app/build/outputs/mapping/release/usage.txt
com.mikhail.manifestation.BuildConfig
com.mikhail.manifestation.DaggerLevelUpApp_HiltComponents_SingletonC$ActivityCImpl:
    public dagger.hilt.android.internal.builders.FragmentComponentBuilder fragmentComponentBuilder()
    public dagger.hilt.android.internal.builders.ViewComponentBuilder viewComponentBuilder()
com.mikhail.manifestation.DaggerLevelUpApp_HiltComponents_SingletonC$FragmentCBuilder
com.mikhail.manifestation.DaggerLevelUpApp_HiltComponents_SingletonC$FragmentCImpl
com.mikhail.manifestation.DaggerLevelUpApp_HiltComponents_SingletonC$ServiceCBuilder
com.mikhail.manifestation.DaggerLevelUpApp_HiltComponents_SingletonC$ServiceCImpl
com.mikhail.manifestation.DaggerLevelUpApp_HiltComponents_SingletonC$SingletonCImpl:
    public java.util.Set getDisableFragmentGetContextFix()
    public dagger.hilt.android.internal.builders.ServiceComponentBuilder serviceComponentBuilder()
com.mikhail.manifestation.DaggerLevelUpApp_HiltComponents_SingletonC$ViewCBuilder
com.mikhail.manifestation.DaggerLevelUpApp_HiltComponents_SingletonC$ViewCImpl
com.mikhail.manifestation.DaggerLevelUpApp_HiltComponents_SingletonC$ViewWithFragmentCBuilder
com.mikhail.manifestation.DaggerLevelUpApp_HiltComponents_SingletonC$ViewWithFragmentCImpl
com.mikhail.manifestation.DaggerLevelUpApp_HiltComponents_SingletonC:
    private void <init>()
com.mikhail.manifestation.Hilt_LevelUpApp:
    public synthetic bridge dagger.hilt.internal.GeneratedComponentManager componentManager()
com.mikhail.manifestation.Hilt_MainActivity:
    void <init>(int)
    public synthetic bridge dagger.hilt.internal.GeneratedComponentManager componentManager()
com.mikhail.manifestation.LevelUpApp:
    public static final int $stable
com.mikhail.manifestation.LevelUpApp_ComponentTreeDeps
com.mikhail.manifestation.LevelUpApp_HiltComponents$ActivityC$Builder
com.mikhail.manifestation.LevelUpApp_HiltComponents$ActivityCBuilderModule
com.mikhail.manifestation.LevelUpApp_HiltComponents$ActivityRetainedC$Builder
com.mikhail.manifestation.LevelUpApp_HiltComponents$ActivityRetainedCBuilderModule
com.mikhail.manifestation.LevelUpApp_HiltComponents$FragmentC$Builder
com.mikhail.manifestation.LevelUpApp_HiltComponents$FragmentC
com.mikhail.manifestation.LevelUpApp_HiltComponents$FragmentCBuilderModule
com.mikhail.manifestation.LevelUpApp_HiltComponents$ServiceC$Builder
com.mikhail.manifestation.LevelUpApp_HiltComponents$ServiceC
com.mikhail.manifestation.LevelUpApp_HiltComponents$ServiceCBuilderModule
com.mikhail.manifestation.LevelUpApp_HiltComponents$ViewC$Builder
com.mikhail.manifestation.LevelUpApp_HiltComponents$ViewC
com.mikhail.manifestation.LevelUpApp_HiltComponents$ViewCBuilderModule
com.mikhail.manifestation.LevelUpApp_HiltComponents$ViewModelC$Builder
com.mikhail.manifestation.LevelUpApp_HiltComponents$ViewModelCBuilderModule
com.mikhail.manifestation.LevelUpApp_HiltComponents$ViewWithFragmentC$Builder
com.mikhail.manifestation.LevelUpApp_HiltComponents$ViewWithFragmentC
com.mikhail.manifestation.LevelUpApp_HiltComponents$ViewWithFragmentCBuilderModule
com.mikhail.manifestation.LevelUpApp_HiltComponents
com.mikhail.manifestation.R$color
com.mikhail.manifestation.R$drawable:
    public static int bg_affirmation_card
    public static int bg_affirmations
    public static int bg_home
    public static int bg_home_top
    public static int bg_meditations
    public static int bg_reprogram
    public static int ic_launcher_background
    public static int med_chakra_harmony
    public static int med_return_to_self
    private void <init>()
com.mikhail.manifestation.R$font:
    private void <init>()
com.mikhail.manifestation.R$mipmap
com.mikhail.manifestation.R$raw:
    private void <init>()
...
androidx.compose.material.icons.filled.AssignmentReturnedKt
androidx.compose.material.icons.filled.AssignmentTurnedInKt
androidx.compose.material.icons.filled.AssistWalkerKt
androidx.compose.material.icons.filled.AssistantDirectionKt
androidx.compose.material.icons.filled.AssistantKt
androidx.compose.material.icons.filled.AssistantPhotoKt
androidx.compose.material.icons.filled.AssuredWorkloadKt
androidx.compose.material.icons.filled.AtmKt
androidx.compose.material.icons.filled.AttachEmailKt
androidx.compose.material.icons.filled.AttachFileKt
androidx.compose.material.icons.filled.AttachMoneyKt
androidx.compose.material.icons.filled.AttachmentKt
androidx.compose.material.icons.filled.AttractionsKt
androidx.compose.material.icons.filled.AttributionKt
androidx.compose.material.icons.filled.AudioFileKt
androidx.compose.material.icons.filled.AudiotrackKt
androidx.compose.material.icons.filled.AutoAwesomeKt
androidx.compose.material.icons.filled.AutoAwesomeMosaicKt
androidx.compose.material.icons.filled.AutoAwesomeMotionKt
androidx.compose.material.icons.filled.AutoDeleteKt
androidx.compose.material.icons.filled.AutoFixHighKt
androidx.compose.material.icons.filled.AutoFixNormalKt
androidx.compose.material.icons.filled.AutoFixOffKt
androidx.compose.material.icons.filled.AutoGraphKt
androidx.compose.material.icons.filled.AutoModeKt
androidx.compose.material.icons.filled.AutoStoriesKt
androidx.compose.material.icons.filled.AutofpsSelectKt
androidx.compose.material.icons.filled.AutorenewKt
androidx.compose.material.icons.filled.AvTimerKt
androidx.compose.material.icons.filled.BabyChangingStationKt
androidx.compose.material.icons.filled.BackHandKt
androidx.compose.material.icons.filled.BackpackKt
androidx.compose.material.icons.filled.BackspaceKt
androidx.compose.material.icons.filled.BackupKt
androidx.compose.material.icons.filled.BackupTableKt
androidx.compose.material.icons.filled.BadgeKt
androidx.compose.material.icons.filled.BakeryDiningKt
androidx.compose.material.icons.filled.BalanceKt
androidx.compose.material.icons.filled.BalconyKt
androidx.compose.material.icons.filled.BallotKt
androidx.compose.material.icons.filled.BarChartKt
androidx.compose.material.icons.filled.BatchPredictionKt
androidx.compose.material.icons.filled.BathroomKt
androidx.compose.material.icons.filled.BathtubKt
androidx.compose.material.icons.filled.Battery0BarKt
androidx.compose.material.icons.filled.Battery1BarKt
androidx.compose.material.icons.filled.Battery2BarKt
androidx.compose.material.icons.filled.Battery3BarKt
androidx.compose.material.icons.filled.Battery4BarKt
androidx.compose.material.icons.filled.Battery5BarKt
androidx.compose.material.icons.filled.Battery6BarKt
androidx.compose.material.icons.filled.BatteryAlertKt
androidx.compose.material.icons.filled.BatteryChargingFullKt
androidx.compose.material.icons.filled.BatteryFullKt
androidx.compose.material.icons.filled.BatterySaverKt
androidx.compose.material.icons.filled.BatteryStdKt
androidx.compose.material.icons.filled.BatteryUnknownKt
androidx.compose.material.icons.filled.BeachAccessKt
androidx.compose.material.icons.filled.BedKt
androidx.compose.material.icons.filled.BedroomBabyKt
androidx.compose.material.icons.filled.BedroomChildKt
androidx.compose.material.icons.filled.BedroomParentKt
androidx.compose.material.icons.filled.BedtimeKt
androidx.compose.material.icons.filled.BedtimeOffKt
androidx.compose.material.icons.filled.BeenhereKt
androidx.compose.material.icons.filled.BentoKt
androidx.compose.material.icons.filled.BikeScooterKt
androidx.compose.material.icons.filled.BiotechKt
androidx.compose.material.icons.filled.BlenderKt
androidx.compose.material.icons.filled.BlindKt
androidx.compose.material.icons.filled.BlindsClosedKt
androidx.compose.material.icons.filled.BlindsKt
androidx.compose.material.icons.filled.BlockKt
androidx.compose.material.icons.filled.BloodtypeKt
androidx.compose.material.icons.filled.BluetoothAudioKt
androidx.compose.material.icons.filled.BluetoothConnectedKt